git@github.com:microsoft/-azure-data-services-go-fast-codebase-es-dmz.git
git@github.com:microsoft/.github.git
git@github.com:microsoft/.Net-Interactive-Kernels-ADS.git
git@github.com:microsoft/.NET-Modernization-In-a-Day.git
git@github.com:microsoft/0xDeCA10B.git
git@github.com:microsoft/2019-ignite-circuit-playground.git
git@github.com:microsoft/25-days-of-serverless.git
git@github.com:microsoft/2LCS.git
git@github.com:microsoft/3-in-1-dock.git
git@github.com:microsoft/30daysof.git
git@github.com:microsoft/A-TALE-OF-THREE-CITIES.git
git@github.com:microsoft/aaai21-copy-that.git
git@github.com:microsoft/aad-app-credential-tools.git
git@github.com:microsoft/aad-hybrid-lab.git
git@github.com:microsoft/aadb2c-starter-kit.git
git@github.com:microsoft/AADConnectConfigDocumenter.git
git@github.com:microsoft/AaronLocker.git
git@github.com:microsoft/ABAP-SDK-for-Azure.git
git@github.com:microsoft/ability-attributes.git
git@github.com:microsoft/abstrakt.git
git@github.com:microsoft/academic-knowledge-exploration-services-utilities.git
git@github.com:microsoft/AcademicContent.git
git@github.com:microsoft/acc-vm-engine.git
git@github.com:microsoft/accbpg.git
git@github.com:microsoft/AccCheckerExtensionForVS.git
git@github.com:microsoft/acceleratoRs.git
git@github.com:microsoft/Accera.git
git@github.com:microsoft/access-reviews-samples.git
git@github.com:microsoft/accessibility-announcer.git
git@github.com:microsoft/accessibility-insights-action.git
git@github.com:microsoft/accessibility-insights-for-android-service.git
git@github.com:microsoft/accessibility-insights-service.git
git@github.com:microsoft/accessibility-insights-web.git
git@github.com:microsoft/accessibility-insights-windows.git
git@github.com:microsoft/AccessorFramework.git
git@github.com:microsoft/AccountGuard.git
git@github.com:microsoft/ace.git
git@github.com:microsoft/acoustic-bird-detection.git
git@github.com:microsoft/Acoustic-Perception-for-Virtual-AI-Agents.git
git@github.com:microsoft/AcousticScatteringData.git
git@github.com:microsoft/acs-kitchen-sink.git
git@github.com:microsoft/act.git
git@github.com:microsoft/action-publish-symbols.git
git@github.com:microsoft/activate-sensorcore.git
git@github.com:microsoft/ActivateAzurewithDevOps.git
git@github.com:microsoft/ActiveDirectoryDSC.Reverse.git
git@github.com:microsoft/ActiveMLP.git
git@github.com:microsoft/activities.git
git@github.com:microsoft/activity-log-export-automation.git
git@github.com:microsoft/ada.git
git@github.com:microsoft/AdaMix.git
git@github.com:microsoft/Adaptable.git
git@github.com:microsoft/AdaptiveCards.git
git@github.com:microsoft/adaptivecards-templates.git
git@github.com:microsoft/adatest.git
git@github.com:microsoft/adb2spark.git
git@github.com:microsoft/ADBench.git
git@github.com:microsoft/AddingSpeechToBots.git
git@github.com:microsoft/AddOutlookJapanHoliday.git
git@github.com:microsoft/adfs-sample-block-user-on-adfs-marked-risky-by-AzureAD-IdentityProtection.git
git@github.com:microsoft/adfs-sample-msal-dotnet-native-to-webapi.git
git@github.com:microsoft/adfs-sample-msal-dotnet-webapi-to-webapi-onbehalfof.git
git@github.com:microsoft/adfs-sample-RiskAssessmentModel-RiskyIPBlock.git
git@github.com:microsoft/adfsAuthAdapters.git
git@github.com:microsoft/adfsLogTools.git
git@github.com:microsoft/adfsManagementTools.git
git@github.com:microsoft/adfsOpenSource.git
git@github.com:microsoft/adfsToolbox.git
git@github.com:microsoft/adfsUITesting.git
git@github.com:microsoft/adfsWebCustomization.git
git@github.com:microsoft/admin-torch.git
git@github.com:microsoft/ado-ml-batch-train.git
git@github.com:microsoft/ads-extension-telemetry.git
git@github.com:microsoft/ads-kerberos.git
git@github.com:microsoft/ads-service-downloader.git
git@github.com:microsoft/ADU.git
git@github.com:microsoft/advanced-formula-environment.git
git@github.com:microsoft/Advanced-Threat-Analytics.git
git@github.com:microsoft/AdventureWorksSkiApp.git
git@github.com:microsoft/AdversarialGMM.git
git@github.com:microsoft/advertising-content-api-java.git
git@github.com:microsoft/advNLG.git
git@github.com:microsoft/AdvocacyPlatform.git
git@github.com:microsoft/adx-query-charts.git
git@github.com:microsoft/AEC-Challenge.git
git@github.com:microsoft/aed-blockchain-learn-content.git
git@github.com:microsoft/aed-content-nasa-su20.git
git@github.com:microsoft/aed-external-learn-template.git
git@github.com:microsoft/aed-go-learn-content.git
git@github.com:microsoft/aed-learn-template.git
git@github.com:microsoft/aed-rust-learn-content.git
git@github.com:microsoft/aed-wonder-woman.git
git@github.com:microsoft/aerial_wildlife_detection.git
git@github.com:microsoft/affectbased.git
git@github.com:microsoft/AFUN-Demos.git
git@github.com:microsoft/agdiag.git
git@github.com:microsoft/AGIC-Installer-assistant.git
git@github.com:microsoft/agogosml.git
git@github.com:microsoft/AHS-AppServiceDotNet.git
git@github.com:microsoft/AI.git
