git@github.com:Netflix/.github.git
git@github.com:Netflix/aegisthus.git
git@github.com:Netflix/af_tsa.git
git@github.com:Netflix/aminator.git
git@github.com:Netflix/archaius.git
git@github.com:Netflix/asgard.git
git@github.com:Netflix/astyanax.git
git@github.com:Netflix/atlas.git
git@github.com:Netflix/atlas-docs.git
git@github.com:Netflix/aws-autoscaling.git
git@github.com:Netflix/awsobjectmapper.git
git@github.com:Netflix/batch_request_api.git
git@github.com:Netflix/batch_request_client.git
git@github.com:Netflix/bbparse.git
git@github.com:Netflix/bettertls.git
git@github.com:Netflix/blesk.git
git@github.com:Netflix/bless.git
git@github.com:Netflix/blitz4j.git
git@github.com:Netflix/brutal.git
git@github.com:Netflix/cachemover.git
git@github.com:Netflix/CassJMeter.git
git@github.com:Netflix/chaosmonkey.git
git@github.com:Netflix/Cloud-Prize.git
git@github.com:Netflix/codec_compare.git
git@github.com:Netflix/concurrency-limits.git
git@github.com:Netflix/conductor.git
git@github.com:Netflix/conductor-community.git
git@github.com:Netflix/consoleme.git
git@github.com:Netflix/curator.git
git@github.com:Netflix/denominator.git
git@github.com:Netflix/derand.git
git@github.com:Netflix/dgs.git
git@github.com:Netflix/dgs-codegen.git
git@github.com:Netflix/dgs-examples-java.git
git@github.com:Netflix/dgs-examples-java.latest.git
git@github.com:Netflix/dgs-examples-java16.git
git@github.com:Netflix/dgs-examples-kotlin.git
git@github.com:Netflix/dgs-examples-webflux.git
git@github.com:Netflix/dgs-federation-example.git
git@github.com:Netflix/dgs-framework.git
git@github.com:Netflix/dgs-intellij-plugin.git
git@github.com:Netflix/dial-reference.git
git@github.com:Netflix/dispatch.git
git@github.com:Netflix/dispatch-docker.git
git@github.com:Netflix/dyno.git
git@github.com:Netflix/dyno-queues.git
git@github.com:Netflix/dynomite.git
git@github.com:Netflix/dynomite-manager.git
git@github.com:Netflix/eclipse-jifa.git
git@github.com:Netflix/eclipse-mat.git
git@github.com:Netflix/edda.git
git@github.com:Netflix/edda-client.git
git@github.com:Netflix/element-server.git
git@github.com:Netflix/ember-batch-request.git
git@github.com:Netflix/ember-nf-graph.git
git@github.com:Netflix/ember-nf-graph-examples.git
git@github.com:Netflix/eslint-config-netflix.git
git@github.com:Netflix/eslint-config-netflix-dea.git
git@github.com:Netflix/eureka.git
git@github.com:Netflix/eureka-ui.git
git@github.com:Netflix/EVCache.git
git@github.com:Netflix/fabricator.git
git@github.com:Netflix/falcor.git
git@github.com:Netflix/falcor-datasource-chainer.git
git@github.com:Netflix/falcor-express.git
git@github.com:Netflix/falcor-express-demo.git
git@github.com:Netflix/falcor-hapi.git
git@github.com:Netflix/falcor-hapi-demo.git
git@github.com:Netflix/falcor-http-datasource.git
git@github.com:Netflix/falcor-json-graph.git
git@github.com:Netflix/falcor-observable.git
git@github.com:Netflix/falcor-path-syntax.git
git@github.com:Netflix/falcor-path-utils.git
git@github.com:Netflix/falcor-restify.git
git@github.com:Netflix/falcor-restify-demo.git
git@github.com:Netflix/falcor-router.git
git@github.com:Netflix/falcor-router-demo.git
git@github.com:Netflix/fast_jsonapi.git
git@github.com:Netflix/Fenzo.git
git@github.com:Netflix/Fido.git
git@github.com:Netflix/flamescope.git
git@github.com:Netflix/frigga.git
git@github.com:Netflix/genie.git
git@github.com:Netflix/glisten.git
git@github.com:Netflix/go-env.git
git@github.com:Netflix/go-expect.git
git@github.com:Netflix/governator.git
git@github.com:Netflix/gradle-template.git
git@github.com:Netflix/hal-9001.git
git@github.com:Netflix/hollow.git
git@github.com:Netflix/hollow-reference-implementation.git
git@github.com:Netflix/hubcommander.git
git@github.com:Netflix/Hystrix.git
git@github.com:Netflix/iceberg.git
git@github.com:Netflix/iep.git
git@github.com:Netflix/iep-shadow.git
git@github.com:Netflix/image_compression_comparison.git
git@github.com:Netflix/inviso.git
git@github.com:Netflix/karyon.git
git@github.com:Netflix/lemur.git
